<?xml version="1.0" encoding="UTF-8"?>
<!-- Generated by org.testng.reporters.JUnitReportReporter -->
<testsuite hostname="DESKTOP-PMB53H2" failures="0" tests="1" name="CrearEstudianteTest" time="0.394" errors="0" timestamp="2021-12-13T12:15:57 CET" skipped="0">
  <testcase classname="CrearEstudianteTest" name="CrearEstudianteTest" time="0.394"/>
  <system-out/>
</testsuite> <!-- CrearEstudianteTest -->
