<?xml version="1.0" encoding="UTF-8"?>
<!-- Generated by org.testng.reporters.JUnitReportReporter -->
<testsuite hostname="DESKTOP-PMB53H2" failures="0" tests="1" name="LoginTest" time="0.444" errors="0" timestamp="2021-12-13T12:09:53 CET" skipped="0">
  <testcase classname="LoginTest" name="LoginTest" time="0.444"/>
  <system-out/>
</testsuite> <!-- LoginTest -->
