<?xml version="1.0" encoding="UTF-8"?>
<!-- Generated by org.testng.reporters.JUnitReportReporter -->
<testsuite hostname="DESKTOP-PMB53H2" failures="0" tests="1" name="CrearUsuarioTest" time="0.323" errors="0" timestamp="2021-12-13T12:13:22 CET" skipped="0">
  <testcase classname="CrearUsuarioTest" name="CrearUsuarioTest" time="0.323"/>
  <system-out/>
</testsuite> <!-- CrearUsuarioTest -->
